<?xml version="1.0" encoding="UTF-8"?>
<testsuite xmlns:xsi="http://www.w3.org/2001/XMLSchema-instance" xsi:noNamespaceSchemaLocation="https://maven.apache.org/surefire/maven-surefire-plugin/xsd/surefire-test-report.xsd" name="co.uk.rightmove.runner.RightMoveToRentRunner" time="165.4" tests="39" errors="0" skipped="0" failures="0">
  <properties>
[...]
</properties>
  <testcase name="Given unsigned in user opens the rightmove url in chrome web browser" classname="Scenario: Verify if unsigned user able to open the rightmove webpage" time="0.003"/>
  <testcase name="Then unsigned in user should be able to see the page" classname="Scenario: Verify if unsigned user able to open the rightmove webpage" time="0"/>
  <testcase name="And unsigned in user closes the browser" classname="Scenario: Verify if unsigned user able to open the rightmove webpage" time="0"/>
  <testcase name="Scenario: Verify if unsigned user able to open the rightmove webpage" classname="Scenario: Verify if unsigned user able to open the rightmove webpage" time="0.001"/>
  <testcase name="Given unsigned in user opens the rightmove url in chrome web browser" classname="| W52 BF |" time="0"/>
  <testcase name="Then unsigned in user able to search &quot;W52 BF&quot; code for rent" classname="| W52 BF |" time="0"/>
  <testcase name="And invokes for rent button to search" classname="| W52 BF |" time="0"/>
  <testcase name="And unsigned in user closes the browser" classname="| W52 BF |" time="0"/>
  <testcase name="| W52 BF |" classname="| W52 BF |" time="0.001"/>
  <testcase name="Given unsigned in user opens the rightmove url in chrome web browser" classname="| W5 2BF | Within 5 miles | Bungalows | 500 PCM | 40,000 PCM | 1 | 5 | Last 3 days |" time="0"/>
  <testcase name="When unsigned in user able to search &quot;W5 2BF&quot; code for rent" classname="| W5 2BF | Within 5 miles | Bungalows | 500 PCM | 40,000 PCM | 1 | 5 | Last 3 days |" time="0"/>
  <testcase name="And invokes for rent button to search" classname="| W5 2BF | Within 5 miles | Bungalows | 500 PCM | 40,000 PCM | 1 | 5 | Last 3 days |" time="0"/>
  <testcase name="Then unsigned in user should land to the page with various search criteria for the &quot;W5 2BF&quot; for rent" classname="| W5 2BF | Within 5 miles | Bungalows | 500 PCM | 40,000 PCM | 1 | 5 | Last 3 days |" time="0"/>
  <testcase name="And unsigned in user should able to search by &quot;Within 5 miles&quot;, &quot;Bungalows&quot;, &quot;500 PCM&quot;, &quot;40,000 PCM&quot;, &quot;1&quot; ,&quot;5&quot; and &quot;Last 3 days&quot;" classname="| W5 2BF | Within 5 miles | Bungalows | 500 PCM | 40,000 PCM | 1 | 5 | Last 3 days |" time="0"/>
  <testcase name="And unsigned in user click on find properties" classname="| W5 2BF | Within 5 miles | Bungalows | 500 PCM | 40,000 PCM | 1 | 5 | Last 3 days |" time="0"/>
  <testcase name="And unsigned in user closes the browser" classname="| W5 2BF | Within 5 miles | Bungalows | 500 PCM | 40,000 PCM | 1 | 5 | Last 3 days |" time="0"/>
  <testcase name="| W5 2BF | Within 5 miles | Bungalows | 500 PCM | 40,000 PCM | 1 | 5 | Last 3 days |" classname="| W5 2BF | Within 5 miles | Bungalows | 500 PCM | 40,000 PCM | 1 | 5 | Last 3 days |" time="0"/>
  <testcase name="Given unsigned in user opens the rightmove url in chrome web browser" classname="| W5 2BF | Within 5 miles | Bungalows | 500 PCM | 40,000 PCM | 1 | 5 | Last 3 days | Newest Listed |" time="0"/>
  <testcase name="Given unsigned in user opens the rightmove url in chrome web browser" classname="| W5 2BF | Within 5 miles | Bungalows | 500 PCM | 40,000 PCM | 1 | 5 | Last 3 days | Newest Listed |" time="0"/>
  <testcase name="When unsigned in user able to search &quot;W5 2BF&quot; code for rent" classname="| W5 2BF | Within 5 miles | Bungalows | 500 PCM | 40,000 PCM | 1 | 5 | Last 3 days | Newest Listed |" time="0"/>
  <testcase name="When unsigned in user able to search &quot;W5 2BF&quot; code for rent" classname="| W5 2BF | Within 5 miles | Bungalows | 500 PCM | 40,000 PCM | 1 | 5 | Last 3 days | Newest Listed |" time="0.001"/>
  <testcase name="And invokes for rent button to search" classname="| W5 2BF | Within 5 miles | Bungalows | 500 PCM | 40,000 PCM | 1 | 5 | Last 3 days | Newest Listed |" time="0"/>
  <testcase name="And invokes for rent button to search" classname="| W5 2BF | Within 5 miles | Bungalows | 500 PCM | 40,000 PCM | 1 | 5 | Last 3 days | Newest Listed |" time="0.001"/>
  <testcase name="Then unsigned in user should land to the page with various search criteria for the &quot;W5 2BF&quot; for rent" classname="| W5 2BF | Within 5 miles | Bungalows | 500 PCM | 40,000 PCM | 1 | 5 | Last 3 days | Newest Listed |" time="0"/>
  <testcase name="Then unsigned in user should land to the page with various search criteria for the &quot;W5 2BF&quot; for rent" classname="| W5 2BF | Within 5 miles | Bungalows | 500 PCM | 40,000 PCM | 1 | 5 | Last 3 days | Newest Listed |" time="0"/>
  <testcase name="And unsigned in user should able to search by &quot;Within 5 miles&quot;, &quot;Bungalows&quot;, &quot;500 PCM&quot;, &quot;40,000 PCM&quot;, &quot;1&quot; ,&quot;5&quot; and &quot;Last 3 days&quot;" classname="| W5 2BF | Within 5 miles | Bungalows | 500 PCM | 40,000 PCM | 1 | 5 | Last 3 days | Newest Listed |" time="0"/>
  <testcase name="And unsigned in user should able to search by &quot;Within 5 miles&quot;, &quot;Bungalows&quot;, &quot;500 PCM&quot;, &quot;40,000 PCM&quot;, &quot;1&quot; ,&quot;5&quot; and &quot;Last 3 days&quot;" classname="| W5 2BF | Within 5 miles | Bungalows | 500 PCM | 40,000 PCM | 1 | 5 | Last 3 days | Newest Listed |" time="0"/>
  <testcase name="And unsigned in user click on find properties" classname="| W5 2BF | Within 5 miles | Bungalows | 500 PCM | 40,000 PCM | 1 | 5 | Last 3 days | Newest Listed |" time="0"/>
  <testcase name="And unsigned in user click on find properties" classname="| W5 2BF | Within 5 miles | Bungalows | 500 PCM | 40,000 PCM | 1 | 5 | Last 3 days | Newest Listed |" time="0"/>
  <testcase name="Then usigned in user should be able to land in properties listed page for the mentioned &quot;W5 2BF&quot; to rent" classname="| W5 2BF | Within 5 miles | Bungalows | 500 PCM | 40,000 PCM | 1 | 5 | Last 3 days | Newest Listed |" time="0"/>
  <testcase name="And unsigned in user should be able to sort property by &quot;Newest Listed&quot; listed" classname="| W5 2BF | Within 5 miles | Bungalows | 500 PCM | 40,000 PCM | 1 | 5 | Last 3 days | Newest Listed |" time="0"/>
  <testcase name="And unsigned in user should be able to sort property by &quot;Newest Listed&quot; listed" classname="| W5 2BF | Within 5 miles | Bungalows | 500 PCM | 40,000 PCM | 1 | 5 | Last 3 days | Newest Listed |" time="0"/>
  <testcase name="And unsigned in user closes the browser" classname="| W5 2BF | Within 5 miles | Bungalows | 500 PCM | 40,000 PCM | 1 | 5 | Last 3 days | Newest Listed |" time="0"/>
  <testcase name="And unsigned in user closes the browser" classname="| W5 2BF | Within 5 miles | Bungalows | 500 PCM | 40,000 PCM | 1 | 5 | Last 3 days | Newest Listed |" time="0"/>
  <testcase name="| W5 2BF | Within 5 miles | Bungalows | 500 PCM | 40,000 PCM | 1 | 5 | Last 3 days | Newest Listed |" classname="| W5 2BF | Within 5 miles | Bungalows | 500 PCM | 40,000 PCM | 1 | 5 | Last 3 days | Newest Listed |" time="0"/>
  <testcase name="| W5 2BF | Within 5 miles | Bungalows | 500 PCM | 40,000 PCM | 1 | 5 | Last 3 days | Newest Listed |" classname="| W5 2BF | Within 5 miles | Bungalows | 500 PCM | 40,000 PCM | 1 | 5 | Last 3 days | Newest Listed |" time="0"/>
  <testcase name="And usigned in user should be able to land in properties listed page for the mentioned &quot;W5 2BF&quot; to rent" classname="| W5 2BF | Within 5 miles | Bungalows | 500 PCM | 40,000 PCM | 1 | 5 | Last 3 days | Newest Listed |" time="0"/>
  <testcase name="And unsigned in user able to click the new listed to rent property" classname="| W5 2BF | Within 5 miles | Bungalows | 500 PCM | 40,000 PCM | 1 | 5 | Last 3 days | Newest Listed |" time="0"/>
  <testcase name="Then the new listed property page should open" classname="| W5 2BF | Within 5 miles | Bungalows | 500 PCM | 40,000 PCM | 1 | 5 | Last 3 days | Newest Listed |" time="0"/>
</testsuite>